<?xml version="1.0" encoding="UTF-8"?>
<!-- Generated by org.testng.reporters.JUnitReportReporter -->
<testsuite skipped="0" hostname="A889346-1-LT" name="edfMAvenRelease.NewTestMajor" tests="2" failures="0" timestamp="05 Jun 2019 07:41:38 GMT" time="1.954" errors="0">
  <testcase name="CheckCal" time="0.005" classname="edfMAvenRelease.NewTestMajor"/>
  <testcase name="f" time="1.949" classname="edfMAvenRelease.NewTestMajor"/>
</testsuite> <!-- edfMAvenRelease.NewTestMajor -->
