<?xml version="1.0" encoding="UTF-8"?>
<!-- Generated by org.testng.reporters.JUnitReportReporter -->
<testsuite skipped="0" hostname="A889346-1-LT" name="EDF.MAvenRelease.NewTestMajor" tests="1" failures="0" timestamp="05 Jun 2019 07:02:57 GMT" time="0.630" errors="0">
  <testcase name="f" time="0.630" classname="EDF.MAvenRelease.NewTestMajor"/>
</testsuite> <!-- EDF.MAvenRelease.NewTestMajor -->
